This is pdfTeX, Version 3.141592653-2.6-1.40.26 (TeX Live 2024) (preloaded format=pdflatex 2024.8.9)  21 NOV 2024 15:35
entering extended mode
 restricted \write18 enabled.
 file:line:error style messages enabled.
 %&-line parsing enabled.
**c:/Users/Stationary_PC/Documents/tex/UBPS2024/overleaf-copy.tex
(c:/Users/Stationary_PC/Documents/tex/UBPS2024/overleaf-copy.tex
LaTeX2e <2024-06-01> patch level 2
L3 programming layer <2024-07-20>
(./ubs.cls
Document Class: ubs 2005/05/07 alpha v2.1 LaTeX class for preparing papers to "Upravlenie Bolshimi Sistemami. Requires A.Lebedev's Russian fonts set "pscyr" (http://tex.imm.uran.ru/texserver/fonts/pscyr/pscyr4c/)."

Class ubs Warning: This class requires MikTeX 1.2c--2.4.

(c:/texlive/2024/texmf-dist/tex/latex/base/article.cls
Document Class: article 2024/02/08 v1.4n Standard LaTeX document class
(c:/texlive/2024/texmf-dist/tex/latex/base/size11.clo
File: size11.clo 2024/02/08 v1.4n Standard LaTeX file (size option)
)
\c@part=\count194
\c@section=\count195
\c@subsection=\count196
\c@subsubsection=\count197
\c@paragraph=\count198
\c@subparagraph=\count199
\c@figure=\count266
\c@table=\count267
\abovecaptionskip=\skip49
\belowcaptionskip=\skip50
\bibindent=\dimen141
) (c:/texlive/2024/texmf-dist/tex/latex/cmap/cmap.sty
Package: cmap 2021/02/06 v1.0j CMap support: searchable PDF
) (c:/texlive/2024/texmf-dist/tex/latex/base/fontenc.sty
Package: fontenc 2021/04/29 v2.0v Standard LaTeX package
 (c:/texlive/2024/texmf-dist/tex/latex/cyrillic/t2aenc.def
File: t2aenc.def 2023/11/07 v1.0k Cyrillic encoding definition file
Now handling font encoding T2A ...
... processing UTF-8 mapping file for font encoding T2A
 (c:/texlive/2024/texmf-dist/tex/latex/base/t2aenc.dfu
File: t2aenc.dfu 2022/06/07 v1.3c UTF-8 support
   defining Unicode char U+00A4 (decimal 164)
   defining Unicode char U+00A7 (decimal 167)
   defining Unicode char U+00AB (decimal 171)
   defining Unicode char U+00BB (decimal 187)
   defining Unicode char U+0131 (decimal 305)
   defining Unicode char U+0237 (decimal 567)
   defining Unicode char U+0400 (decimal 1024)
   defining Unicode char U+0401 (decimal 1025)
   defining Unicode char U+0402 (decimal 1026)
   defining Unicode char U+0403 (decimal 1027)
   defining Unicode char U+0404 (decimal 1028)
   defining Unicode char U+0405 (decimal 1029)
   defining Unicode char U+0406 (decimal 1030)
   defining Unicode char U+0407 (decimal 1031)
   defining Unicode char U+0408 (decimal 1032)
   defining Unicode char U+0409 (decimal 1033)
   defining Unicode char U+040A (decimal 1034)
   defining Unicode char U+040B (decimal 1035)
   defining Unicode char U+040C (decimal 1036)
   defining Unicode char U+040D (decimal 1037)
   defining Unicode char U+040E (decimal 1038)
   defining Unicode char U+040F (decimal 1039)
   defining Unicode char U+0410 (decimal 1040)
   defining Unicode char U+0411 (decimal 1041)
   defining Unicode char U+0412 (decimal 1042)
   defining Unicode char U+0413 (decimal 1043)
   defining Unicode char U+0414 (decimal 1044)
   defining Unicode char U+0415 (decimal 1045)
   defining Unicode char U+0416 (decimal 1046)
   defining Unicode char U+0417 (decimal 1047)
   defining Unicode char U+0418 (decimal 1048)
   defining Unicode char U+0419 (decimal 1049)
   defining Unicode char U+041A (decimal 1050)
   defining Unicode char U+041B (decimal 1051)
   defining Unicode char U+041C (decimal 1052)
   defining Unicode char U+041D (decimal 1053)
   defining Unicode char U+041E (decimal 1054)
   defining Unicode char U+041F (decimal 1055)
   defining Unicode char U+0420 (decimal 1056)
   defining Unicode char U+0421 (decimal 1057)
   defining Unicode char U+0422 (decimal 1058)
   defining Unicode char U+0423 (decimal 1059)
   defining Unicode char U+0424 (decimal 1060)
   defining Unicode char U+0425 (decimal 1061)
   defining Unicode char U+0426 (decimal 1062)
   defining Unicode char U+0427 (decimal 1063)
   defining Unicode char U+0428 (decimal 1064)
   defining Unicode char U+0429 (decimal 1065)
   defining Unicode char U+042A (decimal 1066)
   defining Unicode char U+042B (decimal 1067)
   defining Unicode char U+042C (decimal 1068)
   defining Unicode char U+042D (decimal 1069)
   defining Unicode char U+042E (decimal 1070)
   defining Unicode char U+042F (decimal 1071)
   defining Unicode char U+0430 (decimal 1072)
   defining Unicode char U+0431 (decimal 1073)
   defining Unicode char U+0432 (decimal 1074)
   defining Unicode char U+0433 (decimal 1075)
   defining Unicode char U+0434 (decimal 1076)
   defining Unicode char U+0435 (decimal 1077)
   defining Unicode char U+0436 (decimal 1078)
   defining Unicode char U+0437 (decimal 1079)
   defining Unicode char U+0438 (decimal 1080)
   defining Unicode char U+0439 (decimal 1081)
   defining Unicode char U+043A (decimal 1082)
   defining Unicode char U+043B (decimal 1083)
   defining Unicode char U+043C (decimal 1084)
   defining Unicode char U+043D (decimal 1085)
   defining Unicode char U+043E (decimal 1086)
   defining Unicode char U+043F (decimal 1087)
   defining Unicode char U+0440 (decimal 1088)
   defining Unicode char U+0441 (decimal 1089)
   defining Unicode char U+0442 (decimal 1090)
   defining Unicode char U+0443 (decimal 1091)
   defining Unicode char U+0444 (decimal 1092)
   defining Unicode char U+0445 (decimal 1093)
   defining Unicode char U+0446 (decimal 1094)
   defining Unicode char U+0447 (decimal 1095)
   defining Unicode char U+0448 (decimal 1096)
   defining Unicode char U+0449 (decimal 1097)
   defining Unicode char U+044A (decimal 1098)
   defining Unicode char U+044B (decimal 1099)
   defining Unicode char U+044C (decimal 1100)
   defining Unicode char U+044D (decimal 1101)
   defining Unicode char U+044E (decimal 1102)
   defining Unicode char U+044F (decimal 1103)
   defining Unicode char U+0450 (decimal 1104)
   defining Unicode char U+0451 (decimal 1105)
   defining Unicode char U+0452 (decimal 1106)
   defining Unicode char U+0453 (decimal 1107)
   defining Unicode char U+0454 (decimal 1108)
   defining Unicode char U+0455 (decimal 1109)
   defining Unicode char U+0456 (decimal 1110)
   defining Unicode char U+0457 (decimal 1111)
   defining Unicode char U+0458 (decimal 1112)
   defining Unicode char U+0459 (decimal 1113)
   defining Unicode char U+045A (decimal 1114)
   defining Unicode char U+045B (decimal 1115)
   defining Unicode char U+045C (decimal 1116)
   defining Unicode char U+045D (decimal 1117)
   defining Unicode char U+045E (decimal 1118)
   defining Unicode char U+045F (decimal 1119)
   defining Unicode char U+0490 (decimal 1168)
   defining Unicode char U+0491 (decimal 1169)
   defining Unicode char U+0492 (decimal 1170)
   defining Unicode char U+0493 (decimal 1171)
   defining Unicode char U+0496 (decimal 1174)
   defining Unicode char U+0497 (decimal 1175)
   defining Unicode char U+0498 (decimal 1176)
   defining Unicode char U+0499 (decimal 1177)
   defining Unicode char U+049A (decimal 1178)
   defining Unicode char U+049B (decimal 1179)
   defining Unicode char U+049C (decimal 1180)
   defining Unicode char U+049D (decimal 1181)
   defining Unicode char U+04A0 (decimal 1184)
   defining Unicode char U+04A1 (decimal 1185)
   defining Unicode char U+04A2 (decimal 1186)
   defining Unicode char U+04A3 (decimal 1187)
   defining Unicode char U+04A4 (decimal 1188)
   defining Unicode char U+04A5 (decimal 1189)
   defining Unicode char U+04AA (decimal 1194)
   defining Unicode char U+04AB (decimal 1195)
   defining Unicode char U+04AE (decimal 1198)
   defining Unicode char U+04AF (decimal 1199)
   defining Unicode char U+04B0 (decimal 1200)
   defining Unicode char U+04B1 (decimal 1201)
   defining Unicode char U+04B2 (decimal 1202)
   defining Unicode char U+04B3 (decimal 1203)
   defining Unicode char U+04B6 (decimal 1206)
   defining Unicode char U+04B7 (decimal 1207)
   defining Unicode char U+04B8 (decimal 1208)
   defining Unicode char U+04B9 (decimal 1209)
   defining Unicode char U+04BA (decimal 1210)
   defining Unicode char U+04BB (decimal 1211)
   defining Unicode char U+04C0 (decimal 1216)
   defining Unicode char U+04C1 (decimal 1217)
   defining Unicode char U+04C2 (decimal 1218)
   defining Unicode char U+04D0 (decimal 1232)
   defining Unicode char U+04D1 (decimal 1233)
   defining Unicode char U+04D2 (decimal 1234)
   defining Unicode char U+04D3 (decimal 1235)
   defining Unicode char U+04D4 (decimal 1236)
   defining Unicode char U+04D5 (decimal 1237)
   defining Unicode char U+04D6 (decimal 1238)
   defining Unicode char U+04D7 (decimal 1239)
   defining Unicode char U+04D8 (decimal 1240)
   defining Unicode char U+04D9 (decimal 1241)
   defining Unicode char U+04DA (decimal 1242)
   defining Unicode char U+04DB (decimal 1243)
   defining Unicode char U+04DC (decimal 1244)
   defining Unicode char U+04DD (decimal 1245)
   defining Unicode char U+04DE (decimal 1246)
   defining Unicode char U+04DF (decimal 1247)
   defining Unicode char U+04E2 (decimal 1250)
   defining Unicode char U+04E3 (decimal 1251)
   defining Unicode char U+04E4 (decimal 1252)
   defining Unicode char U+04E5 (decimal 1253)
   defining Unicode char U+04E6 (decimal 1254)
   defining Unicode char U+04E7 (decimal 1255)
   defining Unicode char U+04E8 (decimal 1256)
   defining Unicode char U+04E9 (decimal 1257)
   defining Unicode char U+04EC (decimal 1260)
   defining Unicode char U+04ED (decimal 1261)
   defining Unicode char U+04EE (decimal 1262)
   defining Unicode char U+04EF (decimal 1263)
   defining Unicode char U+04F0 (decimal 1264)
   defining Unicode char U+04F1 (decimal 1265)
   defining Unicode char U+04F2 (decimal 1266)
   defining Unicode char U+04F3 (decimal 1267)
   defining Unicode char U+04F4 (decimal 1268)
   defining Unicode char U+04F5 (decimal 1269)
   defining Unicode char U+04F8 (decimal 1272)
   defining Unicode char U+04F9 (decimal 1273)
   defining Unicode char U+200C (decimal 8204)
   defining Unicode char U+2013 (decimal 8211)
   defining Unicode char U+2014 (decimal 8212)
   defining Unicode char U+2018 (decimal 8216)
   defining Unicode char U+2019 (decimal 8217)
   defining Unicode char U+201C (decimal 8220)
   defining Unicode char U+201D (decimal 8221)
   defining Unicode char U+201E (decimal 8222)
   defining Unicode char U+2030 (decimal 8240)
   defining Unicode char U+2031 (decimal 8241)
   defining Unicode char U+2116 (decimal 8470)
   defining Unicode char U+2329 (decimal 9001)
   defining Unicode char U+3008 (decimal 12296)
   defining Unicode char U+232A (decimal 9002)
   defining Unicode char U+3009 (decimal 12297)
   defining Unicode char U+2423 (decimal 9251)
   defining Unicode char U+27E8 (decimal 10216)
   defining Unicode char U+27E9 (decimal 10217)
   defining Unicode char U+FB00 (decimal 64256)
   defining Unicode char U+FB01 (decimal 64257)
   defining Unicode char U+FB02 (decimal 64258)
   defining Unicode char U+FB03 (decimal 64259)
   defining Unicode char U+FB04 (decimal 64260)
   defining Unicode char U+FB05 (decimal 64261)
   defining Unicode char U+FB06 (decimal 64262)
))
LaTeX Font Info:    Trying to load font information for T2A+cmr on input line 116.
 (c:/texlive/2024/texmf-dist/tex/latex/cyrillic/t2acmr.fd
File: t2acmr.fd 2001/08/11 v1.0a Computer Modern Cyrillic font definitions
)<<t2a.cmap>>) (c:/texlive/2024/texmf-dist/tex/latex/base/inputenc.sty
Package: inputenc 2024/02/08 v1.3d Input encoding file
\inpenc@prehook=\toks17
\inpenc@posthook=\toks18
 (c:/texlive/2024/texmf-dist/tex/latex/cyrillic/cp1251.def
File: cp1251.def 2022/06/11 v1.0e Input encoding file
)) (c:/texlive/2024/texmf-dist/tex/generic/babel/babel.sty
Package: babel 2024/06/26 v24.7 The Babel package
\babel@savecnt=\count268
\U@D=\dimen142
\l@unhyphenated=\language89
 (c:/texlive/2024/texmf-dist/tex/generic/babel/txtbabel.def)
\bbl@readstream=\read2
\bbl@dirlevel=\count269
 (c:/texlive/2024/texmf-dist/tex/generic/babel-english/english.ldf
Language: english 2017/06/06 v3.3r English support from the babel system
Package babel Info: Hyphen rules for 'canadian' set to \l@english
(babel)             (\language0). Reported on input line 102.
Package babel Info: Hyphen rules for 'australian' set to \l@ukenglish
(babel)             (\language23). Reported on input line 105.
Package babel Info: Hyphen rules for 'newzealand' set to \l@ukenglish
(babel)             (\language23). Reported on input line 108.
) (c:/texlive/2024/texmf-dist/tex/generic/babel-russian/russianb.ldf
File: russianb.ldf 2021/01/10 1.3m Russian support for the Babel system
Language: russian 2020/09/09 1.3k Russian support for the Babel system
Package babel Info: Making " an active character on input line 124.
Package babel Info: Default for \cyrdash is provided on input line 163.
)) (c:/texlive/2024/texmf-dist/tex/generic/babel/locale/ru/babel-russian.tex
Package babel Info: Importing font and identification data for russian
(babel)             from babel-ru.ini. Reported on input line 11.
) (c:/texlive/2024/texmf-dist/tex/generic/babel/locale/en/babel-english.tex
Package babel Info: Importing font and identification data for english
(babel)             from babel-en.ini. Reported on input line 11.
) (c:/texlive/texmf-local/tex/latex/pscyr/pscyr.sty
Package: pscyr 2001/01/28 v0.4c Cyrillic Postscript fonts as default
) (c:/texlive/2024/texmf-dist/tex/latex/amsmath/amsmath.sty
Package: amsmath 2024/05/23 v2.17q AMS math features
\@mathmargin=\skip51

For additional information on amsmath, use the `?' option.
(c:/texlive/2024/texmf-dist/tex/latex/amsmath/amstext.sty
Package: amstext 2021/08/26 v2.01 AMS text
 (c:/texlive/2024/texmf-dist/tex/latex/amsmath/amsgen.sty
File: amsgen.sty 1999/11/30 v2.0 generic functions
\@emptytoks=\toks19
\ex@=\dimen143
)) (c:/texlive/2024/texmf-dist/tex/latex/amsmath/amsbsy.sty
Package: amsbsy 1999/11/29 v1.2d Bold Symbols
\pmbraise@=\dimen144
) (c:/texlive/2024/texmf-dist/tex/latex/amsmath/amsopn.sty
Package: amsopn 2022/04/08 v2.04 operator names
)
\inf@bad=\count270
LaTeX Info: Redefining \frac on input line 233.
\uproot@=\count271
\leftroot@=\count272
LaTeX Info: Redefining \overline on input line 398.
LaTeX Info: Redefining \colon on input line 409.
\classnum@=\count273
\DOTSCASE@=\count274
LaTeX Info: Redefining \ldots on input line 495.
LaTeX Info: Redefining \dots on input line 498.
LaTeX Info: Redefining \cdots on input line 619.
\Mathstrutbox@=\box52
\strutbox@=\box53
LaTeX Info: Redefining \big on input line 721.
LaTeX Info: Redefining \Big on input line 722.
LaTeX Info: Redefining \bigg on input line 723.
LaTeX Info: Redefining \Bigg on input line 724.
\big@size=\dimen145
LaTeX Font Info:    Redeclaring font encoding OML on input line 742.
LaTeX Font Info:    Redeclaring font encoding OMS on input line 743.
\macc@depth=\count275
LaTeX Info: Redefining \bmod on input line 904.
LaTeX Info: Redefining \pmod on input line 909.
LaTeX Info: Redefining \smash on input line 939.
LaTeX Info: Redefining \relbar on input line 969.
LaTeX Info: Redefining \Relbar on input line 970.
\c@MaxMatrixCols=\count276
\dotsspace@=\muskip17
\c@parentequation=\count277
\dspbrk@lvl=\count278
\tag@help=\toks20
\row@=\count279
\column@=\count280
\maxfields@=\count281
\andhelp@=\toks21
\eqnshift@=\dimen146
\alignsep@=\dimen147
\tagshift@=\dimen148
\tagwidth@=\dimen149
\totwidth@=\dimen150
\lineht@=\dimen151
\@envbody=\toks22
\multlinegap=\skip52
\multlinetaggap=\skip53
\mathdisplay@stack=\toks23
LaTeX Info: Redefining \[ on input line 2953.
LaTeX Info: Redefining \] on input line 2954.
) (c:/texlive/2024/texmf-dist/tex/latex/amsfonts/amsfonts.sty
Package: amsfonts 2013/01/14 v3.01 Basic AMSFonts support
\symAMSa=\mathgroup4
\symAMSb=\mathgroup5
LaTeX Font Info:    Redeclaring math symbol \hbar on input line 98.
LaTeX Font Info:    Overwriting math alphabet `\mathfrak' in version `bold'
(Font)                  U/euf/m/n --> U/euf/b/n on input line 106.
) (c:/texlive/2024/texmf-dist/tex/latex/amsfonts/amssymb.sty
Package: amssymb 2013/01/14 v3.01 AMS font symbols
) (c:/texlive/2024/texmf-dist/tex/latex/base/ifthen.sty
Package: ifthen 2024/03/16 v1.1e Standard LaTeX ifthen package (DPC)
) (c:/texlive/2024/texmf-dist/tex/latex/tools/calc.sty
Package: calc 2023/07/08 v4.3 Infix arithmetic (KKT,FJ)
\calc@Acount=\count282
\calc@Bcount=\count283
\calc@Adimen=\dimen152
\calc@Bdimen=\dimen153
\calc@Askip=\skip54
\calc@Bskip=\skip55
LaTeX Info: Redefining \setlength on input line 80.
LaTeX Info: Redefining \addtolength on input line 81.
\calc@Ccount=\count284
\calc@Cskip=\skip56
) (./myruss.sty
russcorr.sty <27 July 1993>
\c@rlistctr=\count285
) (./ruslist.sty
Package: ruslist 2003/01/11 alpha 2.2


Package ruslist Warning: This package comes with absolutely no warranty!.

\itemitemsep=\skip57
\simpleitemsep=\skip58
\enumitemsep=\skip59
\c@enumlisti=\count286
\c@romlisti=\count287
\c@ruslisti=\count288
\c@latlisti=\count289
\c@issimple=\count290
\c@problisti=\count291
\probitemsep=\skip60
\notationitemsep=\skip61
) (c:/texlive/2024/texmf-dist/tex/latex/tools/verbatim.sty
Package: verbatim 2024-01-22 v1.5x LaTeX2e package for verbatim enhancements
\every@verbatim=\toks24
\verbatim@line=\toks25
\verbatim@in@stream=\read3
) (./108-170.sty) (c:/texlive/2024/texmf-dist/tex/latex/ccaption/ccaption.sty
Package: ccaption 2011/08/07 v3.2c Extended captioning and new floats
\@contcwidth=\skip62
\@contindw=\skip63
\abovelegendskip=\skip64
\belowlegendskip=\skip65
\c@newflo@tctr=\count292
)
\c@isappendix=\count293
\c@theorem=\count294
\c@corollary=\count295
\c@lemma=\count296
\c@statement=\count297
\c@proposition=\count298
\c@definition=\count299
\c@problem=\count300
\c@alg=\count301
\c@rem=\count302
\c@exmpl=\count303
) (c:/texlive/2024/texmf-dist/tex/latex/graphics/graphicx.sty
Package: graphicx 2021/09/16 v1.2d Enhanced LaTeX Graphics (DPC,SPQR)
 (c:/texlive/2024/texmf-dist/tex/latex/graphics/keyval.sty
Package: keyval 2022/05/29 v1.15 key=value parser (DPC)
\KV@toks@=\toks26
) (c:/texlive/2024/texmf-dist/tex/latex/graphics/graphics.sty
Package: graphics 2024/05/23 v1.4g Standard LaTeX Graphics (DPC,SPQR)
 (c:/texlive/2024/texmf-dist/tex/latex/graphics/trig.sty
Package: trig 2023/12/02 v1.11 sin cos tan (DPC)
) (c:/texlive/2024/texmf-dist/tex/latex/graphics-cfg/graphics.cfg
File: graphics.cfg 2016/06/04 v1.11 sample graphics configuration
)
Package graphics Info: Driver file: pdftex.def on input line 106.
 (c:/texlive/2024/texmf-dist/tex/latex/graphics-def/pdftex.def
File: pdftex.def 2024/04/13 v1.2c Graphics/color driver for pdftex
))
\Gin@req@height=\dimen154
\Gin@req@width=\dimen155
) (c:/texlive/2024/texmf-dist/tex/latex/enumitem/enumitem.sty
Package: enumitem 2019/06/20 v3.9 Customized lists
\labelindent=\skip66
\enit@outerparindent=\dimen156
\enit@toks=\toks27
\enit@inbox=\box54
\enit@count@id=\count304
\enitdp@description=\count305
) (c:/texlive/2024/texmf-dist/tex/latex/diagbox/diagbox.sty
Package: diagbox 2020/02/09 v2.3 Making table heads with diagonal lines
 (c:/texlive/2024/texmf-dist/tex/latex/pict2e/pict2e.sty
Package: pict2e 2020/09/30 v0.4b Improved picture commands (HjG,RN,JT)
 (c:/texlive/2024/texmf-dist/tex/latex/pict2e/pict2e.cfg
File: pict2e.cfg 2016/02/05 v0.1u pict2e configuration for teTeX/TeXLive
)
Package pict2e Info: Driver file: pdftex.def on input line 112.
Package pict2e Info: Driver file for pict2e: p2e-pdftex.def on input line 114.
 (c:/texlive/2024/texmf-dist/tex/latex/pict2e/p2e-pdftex.def
File: p2e-pdftex.def 2016/02/05 v0.1u Driver-dependant file (RN,HjG,JT)
)
\pIIe@GRAPH=\toks28
\@arclen=\dimen157
\@arcrad=\dimen158
\pIIe@tempdima=\dimen159
\pIIe@tempdimb=\dimen160
\pIIe@tempdimc=\dimen161
\pIIe@tempdimd=\dimen162
\pIIe@tempdime=\dimen163
\pIIe@tempdimf=\dimen164
) (c:/texlive/2024/texmf-dist/tex/latex/tools/array.sty
Package: array 2024/06/14 v2.6d Tabular extension package (FMi)
\col@sep=\dimen165
\ar@mcellbox=\box55
\extrarowheight=\dimen166
\NC@list=\toks29
\extratabsurround=\skip67
\backup@length=\skip68
\ar@cellbox=\box56
)
\diagbox@boxa=\box57
\diagbox@boxb=\box58
\diagbox@boxm=\box59
\diagbox@wd=\dimen167
\diagbox@ht=\dimen168
\diagbox@insepl=\dimen169
\diagbox@insepr=\dimen170
\diagbox@outsepl=\dimen171
\diagbox@outsepr=\dimen172
) (c:/texlive/2024/texmf-dist/tex/latex/multirow/multirow.sty
Package: multirow 2021/03/15 v2.8 Span multiple rows of a table
\multirow@colwidth=\skip69
\multirow@cntb=\count306
\multirow@dima=\skip70
\bigstrutjot=\dimen173
) (c:/texlive/2024/texmf-dist/tex/latex/mathtools/empheq.sty
Package: empheq 2017/03/31 v2.15 Emphasizing equations
 (c:/texlive/2024/texmf-dist/tex/latex/mathtools/mhsetup.sty
Package: mhsetup 2021/03/18 v1.4 programming setup (MH)
) (c:/texlive/2024/texmf-dist/tex/latex/mathtools/mathtools.sty
Package: mathtools 2024/03/11 v1.30 mathematical typesetting tools
\g_MT_multlinerow_int=\count307
\l_MT_multwidth_dim=\dimen174
\origjot=\skip71
\l_MT_shortvdotswithinadjustabove_dim=\dimen175
\l_MT_shortvdotswithinadjustbelow_dim=\dimen176
\l_MT_above_intertext_sep=\dimen177
\l_MT_below_intertext_sep=\dimen178
\l_MT_above_shortintertext_sep=\dimen179
\l_MT_below_shortintertext_sep=\dimen180
\xmathstrut@box=\box60
\xmathstrut@dim=\dimen181
)
\l_EQ_equationtype_int=\count308
\l_EQ_alignmentmode_int=\count309
\l_EQ_totalwidth_dim=\dimen182
\l_EQ_displaywidth_dim=\dimen183
\l_EQ_temp_linewidth_dim=\dimen184
\l_EQ_linewidth_dim=\dimen185
\EmphEqdelimitershortfall=\dimen186
\EmphEqdelimiterfactor=\count310
\g_EQ_toptag_height_dim=\dimen187
\g_EQ_bottomtag_depth_dim=\dimen188
\g_EQ_toprow_height_dim=\dimen189
\g_EQ_bottomrow_depth_dim=\dimen190
\g_EQ_widesttag_dim=\dimen191
\EQ_mathdisplay_box=\box61
\EQ_tag_box=\box62
\g_EQ_temprow_int=\count311
) (c:/texlive/2024/texmf-dist/tex/latex/colortbl/colortbl.sty
Package: colortbl 2024/07/06 v1.0i Color table columns (DPC)
 (c:/texlive/2024/texmf-dist/tex/latex/graphics/color.sty
Package: color 2024/01/14 v1.3d Standard LaTeX Color (DPC)
 (c:/texlive/2024/texmf-dist/tex/latex/graphics-cfg/color.cfg
File: color.cfg 2016/01/02 v1.6 sample color configuration
)
Package color Info: Driver file: pdftex.def on input line 149.
 (c:/texlive/2024/texmf-dist/tex/latex/graphics/mathcolor.ltx))
\everycr=\toks30
\minrowclearance=\skip72
\rownum=\count312
) (c:/texlive/2024/texmf-dist/tex/latex/xcolor/xcolor.sty
Package: xcolor 2023/11/15 v3.01 LaTeX color extensions (UK)
 (c:/texlive/2024/texmf-dist/tex/latex/graphics-cfg/color.cfg
File: color.cfg 2016/01/02 v1.6 sample color configuration
)
Package xcolor Info: Driver file: pdftex.def on input line 274.
LaTeX Info: Redefining \color on input line 758.
 (c:/texlive/2024/texmf-dist/tex/latex/graphics/mathcolor.ltx)
Package xcolor Info: Model `cmy' substituted by `cmy0' on input line 1350.
Package xcolor Info: Model `hsb' substituted by `rgb' on input line 1354.
Package xcolor Info: Model `RGB' extended on input line 1366.
Package xcolor Info: Model `HTML' substituted by `rgb' on input line 1368.
Package xcolor Info: Model `Hsb' substituted by `hsb' on input line 1369.
Package xcolor Info: Model `tHsb' substituted by `hsb' on input line 1370.
Package xcolor Info: Model `HSB' substituted by `hsb' on input line 1371.
Package xcolor Info: Model `Gray' substituted by `gray' on input line 1372.
Package xcolor Info: Model `wave' substituted by `hsb' on input line 1373.
)
\c@proposition1=\count313
LaTeX Font Info:    Trying to load font information for T2A+ftm on input line 115.
 (c:/texlive/texmf-local/tex/latex/pscyr/t2aftm.fd
File: t2aftm.fd 2001/03/03 v0.4c PS font definitions for T2A/TimesNewRomanPSMT/PSCyr
) (c:/texlive/2024/texmf-dist/tex/latex/l3backend/l3backend-pdftex.def
File: l3backend-pdftex.def 2024-05-08 L3 backend support: PDF output (pdfTeX)
\l__color_backend_stack_int=\count314
\l__pdf_internal_box=\box63
) (./overleaf-copy.aux)
\openout1 = `overleaf-copy.aux'.

LaTeX Font Info:    Checking defaults for OML/cmm/m/it on input line 115.
LaTeX Font Info:    ... okay on input line 115.
LaTeX Font Info:    Checking defaults for OMS/cmsy/m/n on input line 115.
LaTeX Font Info:    ... okay on input line 115.
LaTeX Font Info:    Checking defaults for OT1/cmr/m/n on input line 115.
LaTeX Font Info:    ... okay on input line 115.
LaTeX Font Info:    Checking defaults for T1/cmr/m/n on input line 115.
LaTeX Font Info:    ... okay on input line 115.
LaTeX Font Info:    Checking defaults for TS1/cmr/m/n on input line 115.
LaTeX Font Info:    ... okay on input line 115.
LaTeX Font Info:    Checking defaults for OMX/cmex/m/n on input line 115.
LaTeX Font Info:    ... okay on input line 115.
LaTeX Font Info:    Checking defaults for U/cmr/m/n on input line 115.
LaTeX Font Info:    ... okay on input line 115.
LaTeX Font Info:    Checking defaults for T2A/cmr/m/n on input line 115.
LaTeX Font Info:    ... okay on input line 115.
LaTeX Info: Redefining \th on input line 115.
 (c:/texlive/2024/texmf-dist/tex/context/base/mkii/supp-pdf.mkii
[Loading MPS to PDF converter (version 2006.09.02).]
\scratchcounter=\count315
\scratchdimen=\dimen192
\scratchbox=\box64
\nofMPsegments=\count316
\nofMParguments=\count317
\everyMPshowfont=\toks31
\MPscratchCnt=\count318
\MPscratchDim=\dimen193
\MPnumerator=\count319
\makeMPintoPDFobject=\count320
\everyMPtoPDFconversion=\toks32
) (c:/texlive/2024/texmf-dist/tex/latex/epstopdf-pkg/epstopdf-base.sty
Package: epstopdf-base 2020-01-24 v2.11 Base part for package epstopdf
Package epstopdf-base Info: Redefining graphics rule for `.eps' on input line 485.
 (c:/texlive/2024/texmf-dist/tex/latex/latexconfig/epstopdf-sys.cfg
File: epstopdf-sys.cfg 2010/07/13 v1.3 Configuration of (r)epstopdf for TeX Live
))
\Hy@linkcounter=\count321


LaTeX Font Warning: Font shape `T2A/ftm/b/n' in size <12> not available
(Font)              Font shape `T2A/ftm/bx/n' tried instead on input line 117.

LaTeX Font Info:    Trying to load font information for T2A+far on input line 117.
(c:/texlive/texmf-local/tex/latex/pscyr/t2afar.fd
File: t2afar.fd 2001/03/03 v0.4c PS font definitions for T2A/ArialMT/PSCyr
)

LaTeX Font Warning: Font shape `T2A/far/b/n' in size <12> not available
(Font)              Font shape `T2A/far/bx/n' tried instead on input line 117.

<<ot1.cmap>><<oml.cmap>><<oms.cmap>><<omx.cmap>>
LaTeX Font Info:    Trying to load font information for U+msa on input line 117.
 (c:/texlive/2024/texmf-dist/tex/latex/amsfonts/umsa.fd
File: umsa.fd 2013/01/14 v3.01 AMS symbols A
)
LaTeX Font Info:    Trying to load font information for U+msb on input line 117.
 (c:/texlive/2024/texmf-dist/tex/latex/amsfonts/umsb.fd
File: umsb.fd 2013/01/14 v3.01 AMS symbols B
)

LaTeX Font Warning: Font shape `T2A/ftm/b/n' in size <10.95> not available
(Font)              Font shape `T2A/ftm/bx/n' tried instead on input line 117.




Overfull \hbox (60.45444pt too wide) has occurred while \output is active
 \T2A/ftm/m/it/10.95 Программы и системы моделирования объектов, средств и систем управления
 []

[1{c:/texlive/2024/texmf-var/fonts/map/pdftex/updmap/pdftex.map}{c:/texlive/2024/texmf-dist/fonts/enc/t2/t2a.enc}

]
Overfull \hbox (1.7901pt too wide) in paragraph at lines 142--142
 [][]\T2A/ftm/m/n/10.95 длительность 
 []


Overfull \hbox (6.81355pt too wide) in paragraph at lines 142--142
 []\T2A/ftm/m/n/10.95 РАЗМЕРНОСТИ>> 
 []


Overfull \hbox (0.96965pt too wide) in paragraph at lines 142--143
 [][] 
 []



[2]


Overfull \hbox (60.45444pt too wide) has occurred while \output is active
 \T2A/ftm/m/it/10.95 Программы и системы моделирования объектов, средств и систем управления
 []

[3]

LaTeX Warning: Reference `par:MARL_description' on page 4 undefined on input line 161.


LaTeX Warning: Reference `par:MARL_many_description' on page 4 undefined on input line 161.


LaTeX Font Warning: Font shape `T2A/far/b/n' in size <10.95> not available
(Font)              Font shape `T2A/far/bx/n' tried instead on input line 166.


LaTeX Font Warning: Font shape `T2A/far/b/it' in size <10.95> not available
(Font)              Font shape `T2A/far/bx/it' tried instead on input line 166.



[4]
<structure.pdf, id=28, 690.75264pt x 441.96014pt>
File: structure.pdf Graphic file (type pdf)
<use structure.pdf>
Package pdftex.def Info: structure.pdf  used on input line 191.
(pdftex.def)             Requested size: 276.55888pt x 176.94276pt.
 (./simulation.tex


Overfull \hbox (60.45444pt too wide) has occurred while \output is active
 \T2A/ftm/m/it/10.95 Программы и системы моделирования объектов, средств и систем управления
 []

[5 <./structure.pdf>]
<sim_descr.pdf, id=57, 242.83522pt x 86.20204pt>
File: sim_descr.pdf Graphic file (type pdf)
<use sim_descr.pdf>
Package pdftex.def Info: sim_descr.pdf  used on input line 44.
(pdftex.def)             Requested size: 199.73645pt x 70.90445pt.


[6]


Overfull \hbox (60.45444pt too wide) has occurred while \output is active
 \T2A/ftm/m/it/10.95 Программы и системы моделирования объектов, средств и систем управления
 []

[7 <./sim_descr.pdf>]
<mobil.pdf, id=105, 374.3596pt x 117.05632pt>
File: mobil.pdf Graphic file (type pdf)
<use mobil.pdf>
Package pdftex.def Info: mobil.pdf  used on input line 86.
(pdftex.def)             Requested size: 153.64487pt x 48.04341pt.

Underfull \hbox (badness 1303) in paragraph at lines 102--103
[]\T2A/ftm/m/n/10.95 движение дру-гих 
 []


Underfull \hbox (badness 2495) in paragraph at lines 103--104
[]\T2A/ftm/m/n/10.95 водитель транс-порт-но-го 
 []



[8 <./mobil.pdf>]) (./validation.tex


Overfull \hbox (60.45444pt too wide) has occurred while \output is active
 \T2A/ftm/m/it/10.95 Программы и системы моделирования объектов, средств и систем управления
 []

[9]

pdfTeX warning: pdflatex.exe (file ./model_ex.pdf): PDF inclusion: found PDF version <1.7>, but at most version <1.5> allowed
<model_ex.pdf, id=133, 1056.10564pt x 534.43665pt>
File: model_ex.pdf Graphic file (type pdf)
<use model_ex.pdf>
Package pdftex.def Info: model_ex.pdf  used on input line 64.
(pdftex.def)             Requested size: 147.49776pt x 74.63306pt.
<SV-LESOP_12.jpg, id=134, 266.49562pt x 149.8097pt>
File: SV-LESOP_12.jpg Graphic file (type jpg)
<use SV-LESOP_12.jpg>
Package pdftex.def Info: SV-LESOP_12.jpg  used on input line 64.
(pdftex.def)             Requested size: 135.20824pt x 76.00874pt.

Overfull \hbox (2.99924pt too wide) in paragraph at lines 64--65
 [] 
 []



[10]
<EM_yad_oc_dens1.png, id=139, 557.08125pt x 278.03876pt>
File: EM_yad_oc_dens1.png Graphic file (type png)
<use EM_yad_oc_dens1.png>
Package pdftex.def Info: EM_yad_oc_dens1.png  used on input line 86.
(pdftex.def)             Requested size: 122.91402pt x 61.34265pt.
<EM_yad_oc_dens2.png, id=141, 557.08125pt x 278.03876pt>
File: EM_yad_oc_dens2.png Graphic file (type png)
<use EM_yad_oc_dens2.png>
Package pdftex.def Info: EM_yad_oc_dens2.png  used on input line 87.
(pdftex.def)             Requested size: 122.91402pt x 61.34265pt.
<EM_revive_density_function.png, id=142, 836.12375pt x 557.08125pt>
File: EM_revive_density_function.png Graphic file (type png)
<use EM_revive_density_function.png>
Package pdftex.def Info: EM_revive_density_function.png  used on input line 94.
(pdftex.def)             Requested size: 199.73645pt x 182.85133pt.
) (./adapt.tex
Underfull \hbox (badness 1043) in paragraph at lines 5--7
[]\T2A/ftm/m/n/10.95 Опишем за-да-чу управ-ле-ния све-то-фор-ным объ-ек-том как
 []


Underfull \hbox (badness 1681) in paragraph at lines 5--7
\T2A/ftm/m/n/10.95 за-да-чу управ-ле-ния аген-том в сто-ха-сти-че-ской сре-де. Агент
 []


Underfull \hbox (badness 2503) in paragraph at lines 5--7
\T2A/ftm/m/n/10.95 (све-то-фор-ный объ-ект) не рас-по-ла-га-ет ре-сур-са-ми и ре-ша-
 []


Underfull \hbox (badness 1776) in paragraph at lines 5--7
\T2A/ftm/m/n/10.95 ет за-да-чу це-ле-со-об-раз-но-сти ак-ти-ва-ции той или иной фа-
 []




Overfull \hbox (60.45444pt too wide) has occurred while \output is active
 \T2A/ftm/m/it/10.95 Программы и системы моделирования объектов, средств и систем управления
 []

[11 <./model_ex.pdf> <./SV-LESOP_12.jpg>]

[12 <./EM_yad_oc_dens1.png> <./EM_yad_oc_dens2.png> <./EM_revive_density_function.png>]


Overfull \hbox (60.45444pt too wide) has occurred while \output is active
 \T2A/ftm/m/it/10.95 Программы и системы моделирования объектов, средств и систем управления
 []

[13]
Overfull \hbox (9.12785pt too wide) in paragraph at lines 36--50
[] 
 []



[14]
LaTeX Font Info:    Trying to load font information for TS1+ftm on input line 92.
LaTeX Font Info:    No file TS1ftm.fd. on input line 92.


LaTeX Font Warning: Font shape `TS1/ftm/m/n' undefined
(Font)              using `TS1/cmr/m/n' instead
(Font)              for symbol `textbullet' on input line 92.

<mod_scheme.pdf, id=174, 351.20007pt x 252.23134pt>
File: mod_scheme.pdf Graphic file (type pdf)
<use mod_scheme.pdf>
Package pdftex.def Info: mod_scheme.pdf  used on input line 132.
(pdftex.def)             Requested size: 215.10188pt x 154.48822pt.

Underfull \hbox (badness 1472) in paragraph at lines 138--151
\T2A/ftm/m/n/10.95 вре-мя на-хож-де-ния в зоне де-тек-ции с мно-же-ством тер-мов
 []




Overfull \hbox (60.45444pt too wide) has occurred while \output is active
 \T2A/ftm/m/it/10.95 Программы и системы моделирования объектов, средств и систем управления
 []

[15{c:/texlive/2024/texmf-dist/fonts/enc/dvips/cm-super/cm-super-ts1.enc}]

[16 <./mod_scheme.pdf>]
Overfull \hbox (2.28928pt too wide) detected at line 156
[]
 []


Overfull \hbox (2.28928pt too wide) in alignment at lines 155--156
[] [] 
 []

) (./calc.tex


Overfull \hbox (60.45444pt too wide) has occurred while \output is active
 \T2A/ftm/m/it/10.95 Программы и системы моделирования объектов, средств и систем управления
 []

[17]

[18]
<learningcurve40.png, id=214, 1011.78pt x 289.08pt>
File: learningcurve40.png Graphic file (type png)
<use learningcurve40.png>
Package pdftex.def Info: learningcurve40.png  used on input line 52.
(pdftex.def)             Requested size: 304.21854pt x 86.91875pt.



Overfull \hbox (60.45444pt too wide) has occurred while \output is active
 \T2A/ftm/m/it/10.95 Программы и системы моделирования объектов, средств и систем управления
 []

[19 <./learningcurve40.png>])

[20]
Underfull \hbox (badness 4779) in paragraph at lines 242--247
[]\T2A/ftm/m/n/10.95 Gartner, N.H. OPAC: Strategy for Demand-responsive
 []


Underfull \hbox (badness 4060) in paragraph at lines 254--261
[]\T2A/ftm/m/n/10.95 El-Tantawy, S. Multiagent Reinforcement Learning for
 []


Underfull \hbox (badness 2662) in paragraph at lines 254--261
\T2A/ftm/m/n/10.95 on Downtown Toronto / S. El-Tantawy, B. Abdulhai,
 []


Underfull \hbox (badness 7030) in paragraph at lines 254--261
\T2A/ftm/m/n/10.95 H. Abdelgawad // IEEE Transactions on Intelligent
 []




Overfull \hbox (60.45444pt too wide) has occurred while \output is active
 \T2A/ftm/m/it/10.95 Программы и системы моделирования объектов, средств и систем управления
 []

[21]
Underfull \hbox (badness 1320) in paragraph at lines 290--293
[]\T2A/ftm/m/n/10.95 NetworkX Developers, NetworkX. --  Да-та об-ра-ще-ния:
 []


Underfull \hbox (badness 2050) in paragraph at lines 297--302
[]\T2A/ftm/m/n/10.95 Marshall, A.W. Families of Multivariate Distributions /
 []


Underfull \hbox (badness 2495) in paragraph at lines 311--312
[]\T2A/ftm/m/n/10.95 Epanechnikov, V. A., "Non-Parametric Estimation of a
 []


Underfull \hbox (badness 1603) in paragraph at lines 319--323
[]\T2A/ftm/m/n/10.95 Sutton, R.S. Reinforcement Learning: An Introduction /
 []


Underfull \hbox (badness 1178) in paragraph at lines 329--335
\T2A/ftm/m/n/10.95 Network: Applying to a Part of the Road Network of
 []


Underfull \hbox (badness 3989) in paragraph at lines 337--343
[]\T2A/ftm/m/n/10.95 Tislenko, T.I. Modeling and Comparison of Different
 []


Underfull \hbox (badness 1242) in paragraph at lines 337--343
\T2A/ftm/m/n/10.95 Management Approaches on the Intersections Network /
 []


Underfull \hbox (badness 1275) in paragraph at lines 337--343
\T2A/ftm/m/n/10.95 T.I. Tislenko, D.V. Semenova, A.A. Soldatenko // 2023
 []


Underfull \hbox (badness 10000) in paragraph at lines 337--343
\T2A/ftm/m/n/10.95 and Communication Networks: Control, Computation,
 []



[22]


Overfull \hbox (60.45444pt too wide) has occurred while \output is active
 \T2A/ftm/m/it/10.95 Программы и системы моделирования объектов, средств и систем управления
 []

[23]

[24] (./overleaf-copy.aux
LaTeX Font Info:    Trying to load font information for T1+ftm on input line 6.
 (c:/texlive/texmf-local/tex/latex/pscyr/t1ftm.fd
File: t1ftm.fd 2004/03/23 Fontinst v1.914 font definitions for T1/ftm.
)<<t1.cmap>>)
 ***********
LaTeX2e <2024-06-01> patch level 2
L3 programming layer <2024-07-20>
 ***********


LaTeX Font Warning: Some font shapes were not available, defaults substituted.


LaTeX Warning: There were undefined references.

 ) 
Here is how much of TeX's memory you used:
 8035 strings out of 473578
 125754 string characters out of 5732243
 1944960 words of memory out of 5000000
 30724 multiletter control sequences out of 15000+600000
 585645 words of font info for 90 fonts, out of 8000000 for 9000
 1141 hyphenation exceptions out of 8191
 71i,23n,79p,1618b,334s stack positions out of 10000i,1000n,20000p,200000b,200000s
<c:/texlive/texmf-local/fonts/type1/public/pscyr/arial.pfb><c:/texlive/texmf-local/fonts/type1/public/pscyr/arialbd.pfb><c:/texlive/texmf-local/fonts/type1/public/pscyr/arialbi.pfb><c:/texlive/2024/texmf-dist/fonts/type1/public/amsfonts/cm/cmex10.pfb><c:/texlive/2024/texmf-dist/fonts/type1/public/amsfonts/cm/cmmi10.pfb><c:/texlive/2024/texmf-dist/fonts/type1/public/amsfonts/cm/cmmi12.pfb><c:/texlive/2024/texmf-dist/fonts/type1/public/amsfonts/cm/cmmi6.pfb><c:/texlive/2024/texmf-dist/fonts/type1/public/amsfonts/cm/cmmi8.pfb><c:/texlive/2024/texmf-dist/fonts/type1/public/amsfonts/cm/cmmi9.pfb><c:/texlive/2024/texmf-dist/fonts/type1/public/amsfonts/cm/cmr10.pfb><c:/texlive/2024/texmf-dist/fonts/type1/public/amsfonts/cm/cmr17.pfb><c:/texlive/2024/texmf-dist/fonts/type1/public/amsfonts/cm/cmr6.pfb><c:/texlive/2024/texmf-dist/fonts/type1/public/amsfonts/cm/cmr8.pfb><c:/texlive/2024/texmf-dist/fonts/type1/public/amsfonts/cm/cmsy10.pfb><c:/texlive/2024/texmf-dist/fonts/type1/public/amsfonts/cm/cmsy6.pfb><c:/texlive/2024/texmf-dist/fonts/type1/public/amsfonts/cm/cmsy8.pfb><c:/texlive/2024/texmf-dist/fonts/type1/public/amsfonts/cm/cmti10.pfb><c:/texlive/2024/texmf-dist/fonts/type1/public/amsfonts/symbols/msam10.pfb><c:/texlive/2024/texmf-dist/fonts/type1/public/amsfonts/symbols/msbm10.pfb><c:/texlive/2024/texmf-dist/fonts/type1/public/cm-super/sfrm1095.pfb><c:/texlive/texmf-local/fonts/type1/public/pscyr/times.pfb><c:/texlive/texmf-local/fonts/type1/public/pscyr/times.pfb><c:/texlive/texmf-local/fonts/type1/public/pscyr/timesbd.pfb><c:/texlive/texmf-local/fonts/type1/public/pscyr/timesi.pfb>
Output written on overleaf-copy.pdf (24 pages, 1331375 bytes).
PDF statistics:
 305 PDF objects out of 1000 (max. 8388607)
 205 compressed objects within 3 object streams
 0 named destinations out of 1000 (max. 500000)
 81 words of extra memory for PDF output out of 10000 (max. 10000000)

